<?xml version="1.0" encoding="UTF-8"?>
<testsuite xmlns:xsi="http://www.w3.org/2001/XMLSchema-instance" xsi:noNamespaceSchemaLocation="https://maven.apache.org/surefire/maven-surefire-plugin/xsd/surefire-test-report-3.0.xsd" version="3.0" name="epn.edu.ec.git.calculator.CalculatorParametersTest" time="0.088" tests="6" errors="0" skipped="0" failures="0">
  <properties>
    <property name="sun.desktop" value="windows"/>
    <property name="awt.toolkit" value="sun.awt.windows.WToolkit"/>
    <property name="file.encoding.pkg" value="sun.io"/>
    <property name="java.specification.version" value="1.8"/>
    <property name="sun.cpu.isalist" value="amd64"/>
    <property name="sun.jnu.encoding" value="Cp1252"/>
    <property name="java.class.path" value="C:\Users\USER\Documents\Agiles\GRXX_1BP3_622_24A\target\test-classes;C:\Users\USER\Documents\Agiles\GRXX_1BP3_622_24A\target\classes;C:\Users\USER\.m2\repository\junit\junit\4.12\junit-4.12.jar;C:\Users\USER\.m2\repository\org\hamcrest\hamcrest-core\1.3\hamcrest-core-1.3.jar;C:\Users\USER\.m2\repository\org\mockito\mockito-core\2.23.4\mockito-core-2.23.4.jar;C:\Users\USER\.m2\repository\net\bytebuddy\byte-buddy\1.9.3\byte-buddy-1.9.3.jar;C:\Users\USER\.m2\repository\net\bytebuddy\byte-buddy-agent\1.9.3\byte-buddy-agent-1.9.3.jar;C:\Users\USER\.m2\repository\org\objenesis\objenesis\2.6\objenesis-2.6.jar;"/>
    <property name="java.vm.vendor" value="Amazon.com Inc."/>
    <property name="sun.arch.data.model" value="64"/>
    <property name="user.variant" value=""/>
    <property name="java.vendor.url" value="https://aws.amazon.com/corretto/"/>
    <property name="user.timezone" value="America/Bogota"/>
    <property name="java.vm.specification.version" value="1.8"/>
    <property name="os.name" value="Windows 11"/>
    <property name="user.country" value="EC"/>
    <property name="sun.java.launcher" value="SUN_STANDARD"/>
    <property name="sun.boot.library.path" value="C:\Users\USER\.jdks\corretto-1.8.0_412\jre\bin"/>
    <property name="sun.java.command" value="C:\Users\USER\AppData\Local\Temp\surefire4650228161855400682\surefirebooter-20240512052032212_3.jar C:\Users\USER\AppData\Local\Temp\surefire4650228161855400682 2024-05-12T05-20-31_457-jvmRun1 surefire-20240512052032212_1tmp surefire_0-20240512052032212_2tmp"/>
    <property name="surefire.test.class.path" value="C:\Users\USER\Documents\Agiles\GRXX_1BP3_622_24A\target\test-classes;C:\Users\USER\Documents\Agiles\GRXX_1BP3_622_24A\target\classes;C:\Users\USER\.m2\repository\junit\junit\4.12\junit-4.12.jar;C:\Users\USER\.m2\repository\org\hamcrest\hamcrest-core\1.3\hamcrest-core-1.3.jar;C:\Users\USER\.m2\repository\org\mockito\mockito-core\2.23.4\mockito-core-2.23.4.jar;C:\Users\USER\.m2\repository\net\bytebuddy\byte-buddy\1.9.3\byte-buddy-1.9.3.jar;C:\Users\USER\.m2\repository\net\bytebuddy\byte-buddy-agent\1.9.3\byte-buddy-agent-1.9.3.jar;C:\Users\USER\.m2\repository\org\objenesis\objenesis\2.6\objenesis-2.6.jar;"/>
    <property name="sun.cpu.endian" value="little"/>
    <property name="user.home" value="C:\Users\USER"/>
    <property name="user.language" value="es"/>
    <property name="java.specification.vendor" value="Oracle Corporation"/>
    <property name="java.home" value="C:\Users\USER\.jdks\corretto-1.8.0_412\jre"/>
    <property name="basedir" value="C:\Users\USER\Documents\Agiles\GRXX_1BP3_622_24A"/>
    <property name="file.separator" value="\"/>
    <property name="line.separator" value="&#10;"/>
    <property name="java.vm.specification.vendor" value="Oracle Corporation"/>
    <property name="java.specification.name" value="Java Platform API Specification"/>
    <property name="java.awt.graphicsenv" value="sun.awt.Win32GraphicsEnvironment"/>
    <property name="surefire.real.class.path" value="C:\Users\USER\AppData\Local\Temp\surefire4650228161855400682\surefirebooter-20240512052032212_3.jar"/>
    <property name="sun.boot.class.path" value="C:\Users\USER\.jdks\corretto-1.8.0_412\jre\lib\resources.jar;C:\Users\USER\.jdks\corretto-1.8.0_412\jre\lib\rt.jar;C:\Users\USER\.jdks\corretto-1.8.0_412\jre\lib\sunrsasign.jar;C:\Users\USER\.jdks\corretto-1.8.0_412\jre\lib\jsse.jar;C:\Users\USER\.jdks\corretto-1.8.0_412\jre\lib\jce.jar;C:\Users\USER\.jdks\corretto-1.8.0_412\jre\lib\charsets.jar;C:\Users\USER\.jdks\corretto-1.8.0_412\jre\lib\jfr.jar;C:\Users\USER\.jdks\corretto-1.8.0_412\jre\classes"/>
    <property name="user.script" value=""/>
    <property name="sun.management.compiler" value="HotSpot 64-Bit Tiered Compilers"/>
    <property name="java.runtime.version" value="1.8.0_412-b08"/>
    <property name="user.name" value="USER"/>
    <property name="path.separator" value=";"/>
    <property name="os.version" value="10.0"/>
    <property name="java.endorsed.dirs" value="C:\Users\USER\.jdks\corretto-1.8.0_412\jre\lib\endorsed"/>
    <property name="java.runtime.name" value="OpenJDK Runtime Environment"/>
    <property name="file.encoding" value="Cp1252"/>
    <property name="java.vm.name" value="OpenJDK 64-Bit Server VM"/>
    <property name="localRepository" value="C:\Users\USER\.m2\repository"/>
    <property name="java.vendor.url.bug" value="https://github.com/corretto/corretto-8/issues/"/>
    <property name="java.io.tmpdir" value="C:\Users\USER\AppData\Local\Temp\"/>
    <property name="idea.version" value="2023.3.6"/>
    <property name="java.version" value="1.8.0_412"/>
    <property name="user.dir" value="C:\Users\USER\Documents\Agiles\GRXX_1BP3_622_24A"/>
    <property name="os.arch" value="amd64"/>
    <property name="java.vm.specification.name" value="Java Virtual Machine Specification"/>
    <property name="java.awt.printerjob" value="sun.awt.windows.WPrinterJob"/>
    <property name="sun.os.patch.level" value=""/>
    <property name="java.library.path" value="C:\Users\USER\.jdks\corretto-1.8.0_412\jre\bin;C:\Windows\Sun\Java\bin;C:\Windows\system32;C:\Windows;C:\Program Files\Common Files\Oracle\Java\javapath;C:\Program Files (x86)\Common Files\Oracle\Java\javapath;C:\Windows\system32;C:\Windows;C:\Windows\System32\Wbem;C:\Windows\System32\WindowsPowerShell\v1.0\;C:\Windows\System32\OpenSSH\;C:\Program Files\Graphviz\bin;C:\Program Files (x86)\Incredibuild;C:\Program Files (x86)\Windows Kits\10\Windows Performance Toolkit\;C:\Program Files (x86)\NVIDIA Corporation\PhysX\Common;C:\Program Files\Azure Data Studio\bin;C:\Program Files (x86)\Microsoft SQL Server\130\Tools\Binn\;C:\Program Files\Microsoft SQL Server\130\Tools\Binn\;C:\Program Files (x86)\Microsoft SQL Server\130\DTS\Binn\;C:\Program Files\Microsoft SQL Server\130\DTS\Binn\;C:\Program Files\Microsoft SQL Server\Client SDK\ODBC\130\Tools\Binn\;C:\Program Files (x86)\Microsoft SQL Server\Client SDK\ODBC\130\Tools\Binn\;C:\Program Files (x86)\Microsoft SQL Server\140\Tools\Binn\;C:\Program Files (x86)\Microsoft SQL Server\140\DTS\Binn\;C:\Program Files (x86)\Microsoft SQL Server\140\Tools\Binn\ManagementStudio\;C:\Program Files (x86)\Microsoft SQL Server\160\DTS\Binn\;C:\Program Files\NVIDIA Corporation\NVIDIA NvDLISR;C:\Program Files\Git\cmd;%MAVEN__HOME%\bin;;C:\Program Files\Docker\Docker\resources\bin;C:\Users\USER\AppData\Local\Programs\Python\Python36\Scripts\;C:\Users\USER\AppData\Local\Programs\Python\Python36\;C:\Users\USER\AppData\Local\Microsoft\WindowsApps;C:\Users\USER\AppData\Local\Programs\Microsoft VS Code\bin;C:\Program Files\JetBrains\IntelliJ IDEA 2023.3\bin;C:\apache-maven-3.9.6;;C:\Program Files\Azure Data Studio\bin;C:\Program Files\Azure Data Studio\bin;C:\Users\USER\AppData\Local\GitHubDesktop\bin;."/>
    <property name="java.vm.info" value="mixed mode"/>
    <property name="java.vendor" value="Amazon.com Inc."/>
    <property name="java.vm.version" value="25.412-b08"/>
    <property name="java.specification.maintenance.version" value="5"/>
    <property name="java.ext.dirs" value="C:\Users\USER\.jdks\corretto-1.8.0_412\jre\lib\ext;C:\Windows\Sun\Java\lib\ext"/>
    <property name="sun.io.unicode.encoding" value="UnicodeLittle"/>
    <property name="java.class.version" value="52.0"/>
  </properties>
  <testcase name="given_parameters_when_addition_then_summation[0]" classname="epn.edu.ec.git.calculator.CalculatorParametersTest" time="0.004"/>
  <testcase name="given_parameters_when_addition_then_summation[1]" classname="epn.edu.ec.git.calculator.CalculatorParametersTest" time="0.0"/>
  <testcase name="given_parameters_when_addition_then_summation[2]" classname="epn.edu.ec.git.calculator.CalculatorParametersTest" time="0.0"/>
  <testcase name="given_parameters_when_addition_then_summation[3]" classname="epn.edu.ec.git.calculator.CalculatorParametersTest" time="0.0"/>
  <testcase name="given_parameters_when_addition_then_summation[4]" classname="epn.edu.ec.git.calculator.CalculatorParametersTest" time="0.0"/>
  <testcase name="given_parameters_when_addition_then_summation[5]" classname="epn.edu.ec.git.calculator.CalculatorParametersTest" time="0.0"/>
</testsuite>